0 info it worked if it ends with ok
1 verbose cli [ '/Users/shaundonnelly/.nvm/v0.10.33/bin/node',
1 verbose cli   '/Users/shaundonnelly/.nvm/v0.10.33/bin/npm',
1 verbose cli   'publish',
1 verbose cli   './' ]
2 info using npm@1.4.28
3 info using node@v0.10.33
4 verbose publish [ './' ]
5 verbose cache add [ './', null ]
6 verbose cache add name=undefined spec="./" args=["./",null]
7 verbose parsed url { protocol: null,
7 verbose parsed url   slashes: null,
7 verbose parsed url   auth: null,
7 verbose parsed url   host: null,
7 verbose parsed url   port: null,
7 verbose parsed url   hostname: null,
7 verbose parsed url   hash: null,
7 verbose parsed url   search: null,
7 verbose parsed url   query: null,
7 verbose parsed url   pathname: './',
7 verbose parsed url   path: './',
7 verbose parsed url   href: './' }
8 silly lockFile 0ee6c175- ./
9 verbose lock ./ /Users/shaundonnelly/.npm/0ee6c175-.lock
10 verbose tar pack [ '/Users/shaundonnelly/.npm/hubot-rate-limiter/0.0.1/package.tgz',
10 verbose tar pack   './' ]
11 verbose tarball /Users/shaundonnelly/.npm/hubot-rate-limiter/0.0.1/package.tgz
12 verbose folder ./
13 info prepublish hubot-rate-limiter@0.0.1
14 silly lockFile 04cb2bca-tar tar://./
15 verbose lock tar://./ /Users/shaundonnelly/.npm/04cb2bca-tar.lock
16 silly lockFile 112951cd-t-rate-limiter-0-0-1-package-tgz tar:///Users/shaundonnelly/.npm/hubot-rate-limiter/0.0.1/package.tgz
17 verbose lock tar:///Users/shaundonnelly/.npm/hubot-rate-limiter/0.0.1/package.tgz /Users/shaundonnelly/.npm/112951cd-t-rate-limiter-0-0-1-package-tgz.lock
18 silly lockFile 04cb2bca-tar tar://./
19 silly lockFile 04cb2bca-tar tar://./
20 silly lockFile 112951cd-t-rate-limiter-0-0-1-package-tgz tar:///Users/shaundonnelly/.npm/hubot-rate-limiter/0.0.1/package.tgz
21 silly lockFile 112951cd-t-rate-limiter-0-0-1-package-tgz tar:///Users/shaundonnelly/.npm/hubot-rate-limiter/0.0.1/package.tgz
22 silly lockFile 15b3f07f-hubot-rate-limiter-0-0-1-package /Users/shaundonnelly/.npm/hubot-rate-limiter/0.0.1/package
23 verbose lock /Users/shaundonnelly/.npm/hubot-rate-limiter/0.0.1/package /Users/shaundonnelly/.npm/15b3f07f-hubot-rate-limiter-0-0-1-package.lock
24 silly lockFile 15b3f07f-hubot-rate-limiter-0-0-1-package /Users/shaundonnelly/.npm/hubot-rate-limiter/0.0.1/package
25 silly lockFile 15b3f07f-hubot-rate-limiter-0-0-1-package /Users/shaundonnelly/.npm/hubot-rate-limiter/0.0.1/package
26 silly lockFile 0ee6c175- ./
27 silly lockFile 0ee6c175- ./
28 silly publish { name: 'hubot-rate-limiter',
28 silly publish   version: '0.0.1',
28 silly publish   description: 'Hubot script that allows other scripts to be rate limited.',
28 silly publish   main: 'index.js',
28 silly publish   scripts: {},
28 silly publish   repository:
28 silly publish    { type: 'git',
28 silly publish      url: 'git://github.com/shaundon/hubot-rate-limiter.git' },
28 silly publish   keywords: [ 'hubot', 'hubot-scripts' ],
28 silly publish   dependencies: {},
28 silly publish   author: { name: 'Shaun Donnelly', email: 'shaundonnelly@gmail.com' },
28 silly publish   licence: 'MIT',
28 silly publish   bugs: { url: 'https://github.com/shaundon/hubut-rate-limiter/issues' },
28 silly publish   homepage: 'https://github.com/shaundon/hubot-rate-limiter',
28 silly publish   devDependencies: {},
28 silly publish   license: 'MIT',
28 silly publish   readme: '# Hubot Rate Limiter\n\n## What is this?\n\nSometimes, Hubot can get a little annoying. \n\nLet\'s say you have a script that makes Hubot say \'hammertime\' every time somebody uses the word \'stop\':\n\n    module.exports = (robot) ->\n      robot.hear /stop/i, (msg) ->\n        msg.send \'Hammertime.\'\n    \nWhen this occasionally happens, it\'s kind of funny. But if you\'re having a conversation where you trigger it in almost every message, it can be a pain:\n\n![Hammertime.](http://i.imgur.com/5n5chQt.png)\n\nWith **Hubot Rate Limiter**, you can add a rate limit to Hubot commands, so that once they\'re triggered, they won\'t be triggered again until a certain period has elapsed.\n\n## How do I use it?\n\nYou don\'t call it directly, instead, just include the script and then emit an event with a callback.\n\n    robot.emit \'rate-limit\', key, limitTimeMilliseconds, callback\n    \n* *key* is a key you specify for the command, which is used to store it in the Redis brain (which keeps track of which commands are currently rate limited)\n* *limitTimeMilliseconds* is how long you\'d like to wait before the command can be triggered again. To use the default timeout of 5 minutes, use 0 for this argument.\n* *callback* is the code you want to execute if the command isn\'t currently rate limited.\n\nHere\'s an example, using the earlier Hubot script:\n\n    module.exports = (robot) ->\n      robot.hear /stop/i, (msg) ->\n        robot.emit \'rate-limit\', \'hammertime\', 0, () ->\n          msg.send \'Hammertime.\'\n          \nSo, when Hubot responds to this, the callback is only executed if the command is not currently rate limited.\n\n## Installation via NPM\n\nRun the following command to install this module as a Hubot dependency\n\n```\nnpm install hubot-rate-limiter --save\n```\n\nConfirm that hubot-standup-alarm appears as a dependency in your Hubot package.json file.\n\n```\n"dependencies": {\n  "hubot":              "2.x",\n  "hubot-scripts":      "2.x",\n  "hubot-rate-limiter": "*"\n}\n```\n\nTo enable the script, add the hubot-standup-alarm entry to the external-scripts.json file (you may need to create this file).\n\n```\n  ["hubot-rate-limiter"]\n```\n\n## Contributing\n\nFeel free! Send a pull request :)\n',
28 silly publish   readmeFilename: 'README.md',
28 silly publish   gitHead: 'bd746c3f33d99b36caec4aecf0a504b0d16861f4',
28 silly publish   _id: 'hubot-rate-limiter@0.0.1',
28 silly publish   _shasum: 'b413c2925f4b38159ff79aaeada65c174fd11a12',
28 silly publish   _from: './' }
29 verbose request where is /hubot-rate-limiter
30 verbose request registry https://registry.npmjs.org/
31 verbose request id 5b8a5ae17e02dcbe
32 verbose url raw /hubot-rate-limiter
33 verbose url resolving [ 'https://registry.npmjs.org/', './hubot-rate-limiter' ]
34 verbose url resolved https://registry.npmjs.org/hubot-rate-limiter
35 verbose request where is https://registry.npmjs.org/hubot-rate-limiter
36 info trying registry request attempt 1 at 14:22:26
37 http PUT https://registry.npmjs.org/hubot-rate-limiter
38 http 403 https://registry.npmjs.org/hubot-rate-limiter
39 verbose headers { 'content-type': 'application/json',
39 verbose headers   'cache-control': 'max-age=60',
39 verbose headers   'content-length': '95',
39 verbose headers   'accept-ranges': 'bytes',
39 verbose headers   date: 'Thu, 21 May 2015 13:22:27 GMT',
39 verbose headers   via: '1.1 varnish',
39 verbose headers   connection: 'keep-alive',
39 verbose headers   'x-served-by': 'cache-lhr6335-LHR',
39 verbose headers   'x-cache': 'MISS',
39 verbose headers   'x-cache-hits': '0',
39 verbose headers   'x-timer': 'S1432214546.280763,VS0,VE1284' }
40 error publish Failed PUT 403
41 error Error: "You cannot publish over the previously published version 0.0.1." : hubot-rate-limiter
41 error     at RegClient.<anonymous> (/Users/shaundonnelly/.nvm/v0.10.33/lib/node_modules/npm/node_modules/npm-registry-client/lib/request.js:308:14)
41 error     at Request._callback (/Users/shaundonnelly/.nvm/v0.10.33/lib/node_modules/npm/node_modules/npm-registry-client/lib/request.js:246:65)
41 error     at Request.self.callback (/Users/shaundonnelly/.nvm/v0.10.33/lib/node_modules/npm/node_modules/request/request.js:236:22)
41 error     at Request.emit (events.js:98:17)
41 error     at Request.<anonymous> (/Users/shaundonnelly/.nvm/v0.10.33/lib/node_modules/npm/node_modules/request/request.js:1142:14)
41 error     at Request.emit (events.js:117:20)
41 error     at IncomingMessage.<anonymous> (/Users/shaundonnelly/.nvm/v0.10.33/lib/node_modules/npm/node_modules/request/request.js:1096:12)
41 error     at IncomingMessage.emit (events.js:117:20)
41 error     at _stream_readable.js:943:16
41 error     at process._tickCallback (node.js:419:13)
42 error If you need help, you may report this *entire* log,
42 error including the npm and node versions, at:
42 error     <http://github.com/npm/npm/issues>
43 error System Darwin 14.0.0
44 error command "/Users/shaundonnelly/.nvm/v0.10.33/bin/node" "/Users/shaundonnelly/.nvm/v0.10.33/bin/npm" "publish" "./"
45 error cwd /Users/shaundonnelly/git/hubot-rate-limiter
46 error node -v v0.10.33
47 error npm -v 1.4.28
48 verbose exit [ 1, true ]
